Database opened successfully



------    Menu    ------
1) View all products
2) Add new product
3) Update product
4) Delete product
5) Conduct training for the Kohonen network
6) Conduct deep learning
7) Check the data for validity
8) Exit
------------------------



You'r choice?: 


The SOM algorithm: 

The training data: 
 [[0.15012723 0.43324251 0.0952381  0.        ]
 [0.15031847 0.43324251 0.13043478 0.        ]
 [0.09539208 0.43324251 0.10714286 0.        ]
 [0.20068027 0.51707317 0.85714286 0.        ]
 [0.50862069 0.51707317 0.42857143 0.        ]
 [0.5042735  0.51707317 0.24       0.        ]
 [0.50212766 0.51707317 0.22222222 0.        ]
 [0.5        0.51707317 0.2        0.        ]
 [0.4978903  0.51707317 0.18181818 0.        ]
 [0.49579832 0.51707317 0.16666667 0.        ]
 [0.49372385 0.51707317 0.16216216 0.        ]
 [0.42293907 0.51707317 0.13333333 0.        ]
 [0.14622057 0.77184466 0.24       0.        ]
 [0.1460396  0.77184466 0.22641509 0.        ]
 [0.14585909 0.77184466 0.20689655 0.        ]
 [0.14567901 0.77184466 0.18181818 0.        ]
 [0.14549938 0.77184466 0.17518248 0.        ]
 [0.12756757 0.51707317 0.6        0.        ]
 [0.1761194  0.51707317 0.42857143 0.        ]
 [0.17717718 0.63855422 0.13043478 0.        ]
 [0.17744361 0.63855422 0.16666667 0.        ]
 [0.16881259 0.63855422 0.06       0.        ]
 [0.22957198 0.52561983 0.6        0.        ]
 [0.19798658 0.52561983 0.6        0.        ]
 [0.19765494 0.52561983 0.4        0.        ]
 [0.19732441 0.52561983 0.24       0.        ]
 [0.19699499 0.52561983 0.20689655 0.        ]
 [0.66666667 0.70509978 0.375      0.        ]
 [0.66292135 0.70509978 0.23076923 0.        ]
 [0.65921788 0.70509978 0.16666667 0.        ]
 [0.65555556 0.70509978 0.13043478 0.        ]
 [0.21109123 0.51707317 1.         0.        ]
 [0.21071429 0.51707317 0.66666667 0.        ]
 [0.21033868 0.51707317 0.5        0.        ]
 [0.22648752 0.51707317 0.5        0.        ]
 [0.20665499 0.51707317 0.33333333 0.        ]
 [0.20629371 0.51707317 0.23076923 0.        ]
 [0.23459245 0.51707317 0.23076923 0.        ]
 [0.21338156 0.51707317 0.1875     0.        ]
 [0.21299639 0.51707317 0.15       0.        ]
 [0.92913386 0.43324251 0.5        0.        ]
 [0.921875   0.43324251 0.4        0.        ]
 [0.91472868 0.43324251 0.3        0.        ]
 [0.99159664 0.43324251 0.27272727 0.        ]
 [1.         0.43324251 0.33333333 0.        ]
 [0.67816092 0.43324251 0.1875     0.        ]
 [0.29207921 1.         0.54545455 0.        ]
 [0.24279835 1.         0.375      0.        ]
 [0.24229979 1.         0.31578947 0.        ]
 [0.24180328 1.         0.28571429 0.        ]
 [0.24130879 1.         0.25       0.        ]
 [0.40689655 0.81538462 0.25       0.        ]
 [0.3025641  0.81538462 0.25       0.        ]
 [0.25       0.81538462 0.21428571 0.        ]
 [0.24947146 0.81538462 0.1875     0.        ]
 [0.24894515 0.81538462 0.17142857 0.        ]
 [0.24842105 0.81538462 0.15       0.        ]
 [0.24789916 0.81538462 0.13953488 0.        ]
 [0.24737945 0.81538462 0.12244898 0.        ]
 [0.24686192 0.81538462 0.11538462 0.        ]
 [0.29280397 0.44788732 0.27272727 0.        ]
 [0.24329897 0.44788732 0.27272727 0.        ]
 [0.24279835 0.44788732 0.27272727 0.        ]
 [0.24229979 0.44788732 0.21428571 0.        ]
 [0.24180328 0.44788732 0.2        0.        ]
 [0.24130879 0.44788732 0.18181818 0.        ]
 [0.14842767 0.44788732 0.18181818 0.        ]
 [0.14824121 0.44788732 0.15789474 0.        ]
 [0.14805521 0.44788732 0.13636364 0.        ]
 [0.14786967 0.44788732 0.12244898 0.        ]
 [0.14786967 0.44788732 0.12244898 0.        ]]

Total number of data:  71
Total number of features:  3
Total number of Clusters:  35

The initial self.weight: 
 [[0.78 0.26 0.45 0.31 0.75 0.28 0.97 0.04 0.85 0.56 0.45 0.2  0.48 0.59
  0.59 0.42 0.49 0.91 0.45 0.41 0.08 0.31 0.97 0.01 0.11 0.42 0.39 0.1
  0.7  0.86 0.2  0.76 0.17 0.95 0.57]
 [0.4  0.94 0.23 1.   0.27 0.85 0.78 0.97 0.99 0.61 1.   0.45 0.6  0.58
  0.66 0.09 0.97 0.08 0.88 0.13 0.98 0.48 0.68 0.95 0.13 0.46 0.63 0.49
  0.54 0.4  0.65 0.48 0.25 0.06 0.1 ]
 [0.82 0.53 0.53 0.08 0.43 0.07 0.85 0.3  0.13 0.12 0.35 0.05 0.43 0.82
  0.26 0.44 0.64 0.78 0.84 0.52 0.19 0.17 0.55 0.26 0.8  0.77 0.01 0.23
  0.13 0.1  0.35 0.43 0.42 0.61 0.8 ]]

The final self.weight: 
 [[0.7785 0.2921 0.4524 0.3077 0.7478 0.1459 0.9698 0.0362 0.8545 0.4881
  0.2731 0.1746 0.5086 0.593  0.661  0.4173 0.4915 0.9139 0.4538 0.4111
  0.242  0.1418 0.9733 0.0092 0.1145 0.2057 0.3884 0.2284 0.6782 0.9699
  0.1976 0.9254 0.1694 0.9545 0.5713]
 [0.3984 1.     0.2334 0.9959 0.2669 0.7718 0.7809 0.9747 0.9905 0.5171
  0.8154 0.6386 0.5171 0.5762 0.7051 0.0919 0.9712 0.0829 0.8797 0.1269
  1.     0.4424 0.6813 0.95   0.1325 0.5171 0.6323 0.4869 0.4332 0.4332
  0.5203 0.4332 0.2471 0.0589 0.0966]
 [0.821  0.5455 0.5317 0.0813 0.4264 0.2057 0.8491 0.2989 0.1279 0.1862
  0.179  0.1194 0.4286 0.822  0.2231 0.442  0.6404 0.7754 0.8395 0.5181
  0.3051 0.1315 0.5453 0.2644 0.7965 0.9262 0.0074 0.2312 0.1875 0.3025
  0.5385 0.4483 0.4242 0.6068 0.7959]]

The data with cluster number: 
 [[ 0.15012723  0.43324251  0.0952381  21.        ]
 [ 0.15031847  0.43324251  0.13043478 21.        ]
 [ 0.09539208  0.43324251  0.10714286 21.        ]
 [ 0.20068027  0.51707317  0.85714286 25.        ]
 [ 0.50862069  0.51707317  0.42857143 12.        ]
 [ 0.5042735   0.51707317  0.24        9.        ]
 [ 0.50212766  0.51707317  0.22222222  9.        ]
 [ 0.5         0.51707317  0.2         9.        ]
 [ 0.4978903   0.51707317  0.18181818  9.        ]
 [ 0.49579832  0.51707317  0.16666667  9.        ]
 [ 0.49372385  0.51707317  0.16216216  9.        ]
 [ 0.42293907  0.51707317  0.13333333  9.        ]
 [ 0.14622057  0.77184466  0.24        5.        ]
 [ 0.1460396   0.77184466  0.22641509  5.        ]
 [ 0.14585909  0.77184466  0.20689655  5.        ]
 [ 0.14567901  0.77184466  0.18181818  5.        ]
 [ 0.14549938  0.77184466  0.17518248  5.        ]
 [ 0.12756757  0.51707317  0.6        30.        ]
 [ 0.1761194   0.51707317  0.42857143 30.        ]
 [ 0.17717718  0.63855422  0.13043478 11.        ]
 [ 0.17744361  0.63855422  0.16666667 11.        ]
 [ 0.16881259  0.63855422  0.06       11.        ]
 [ 0.22957198  0.52561983  0.6        30.        ]
 [ 0.19798658  0.52561983  0.6        30.        ]
 [ 0.19765494  0.52561983  0.4        30.        ]
 [ 0.19732441  0.52561983  0.24       27.        ]
 [ 0.19699499  0.52561983  0.20689655 27.        ]
 [ 0.66666667  0.70509978  0.375      14.        ]
 [ 0.66292135  0.70509978  0.23076923 14.        ]
 [ 0.65921788  0.70509978  0.16666667 14.        ]
 [ 0.65555556  0.70509978  0.13043478 14.        ]
 [ 0.21109123  0.51707317  1.         25.        ]
 [ 0.21071429  0.51707317  0.66666667 30.        ]
 [ 0.21033868  0.51707317  0.5        30.        ]
 [ 0.22648752  0.51707317  0.5        30.        ]
 [ 0.20665499  0.51707317  0.33333333 27.        ]
 [ 0.20629371  0.51707317  0.23076923 27.        ]
 [ 0.23459245  0.51707317  0.23076923 27.        ]
 [ 0.21338156  0.51707317  0.1875     27.        ]
 [ 0.21299639  0.51707317  0.15       27.        ]
 [ 0.92913386  0.43324251  0.5        31.        ]
 [ 0.921875    0.43324251  0.4        31.        ]
 [ 0.91472868  0.43324251  0.3        29.        ]
 [ 0.99159664  0.43324251  0.27272727 29.        ]
 [ 1.          0.43324251  0.33333333 29.        ]
 [ 0.67816092  0.43324251  0.1875     28.        ]
 [ 0.29207921  1.          0.54545455  1.        ]
 [ 0.24279835  1.          0.375      20.        ]
 [ 0.24229979  1.          0.31578947 20.        ]
 [ 0.24180328  1.          0.28571429 20.        ]
 [ 0.24130879  1.          0.25       20.        ]
 [ 0.40689655  0.81538462  0.25       10.        ]
 [ 0.3025641   0.81538462  0.25       10.        ]
 [ 0.25        0.81538462  0.21428571 10.        ]
 [ 0.24947146  0.81538462  0.1875     10.        ]
 [ 0.24894515  0.81538462  0.17142857 10.        ]
 [ 0.24842105  0.81538462  0.15       10.        ]
 [ 0.24789916  0.81538462  0.13953488 10.        ]
 [ 0.24737945  0.81538462  0.12244898 10.        ]
 [ 0.24686192  0.81538462  0.11538462 10.        ]
 [ 0.29280397  0.44788732  0.27272727 27.        ]
 [ 0.24329897  0.44788732  0.27272727 27.        ]
 [ 0.24279835  0.44788732  0.27272727 27.        ]
 [ 0.24229979  0.44788732  0.21428571 27.        ]
 [ 0.24180328  0.44788732  0.2        27.        ]
 [ 0.24130879  0.44788732  0.18181818 27.        ]
 [ 0.14842767  0.44788732  0.18181818 21.        ]
 [ 0.14824121  0.44788732  0.15789474 21.        ]
 [ 0.14805521  0.44788732  0.13636364 21.        ]
 [ 0.14786967  0.44788732  0.12244898 21.        ]
 [ 0.14786967  0.44788732  0.12244898 21.        ]]

____CLUSTER   0 ____
('Reno', 'OPPO', 11000)
____________________

____CLUSTER   1 ____
('Zenfone 2', 'Asus', 25000)
('Zenfone 3', 'Asus', 26500)
('Zenfone 4', 'Asus', 29000)
('Zenfone 5', 'Asus', 33000)
('Zenfone 6', 'Asus', 34250)
____________________

____CLUSTER   2 ____
('MI 4', 'Xiaomi', 25000)
('MI 5', 'Xiaomi', 27000)
('MI 6', 'Xiaomi', 30000)
('MI 7', 'Xiaomi', 33000)
('MI 8', 'Xiaomi', 36000)
('MI 9', 'Xiaomi', 37000)
('MI 10', 'Xiaomi', 45000)
____________________

____CLUSTER   3 ____
('One', 'HONOR', 24000)
('HONOR', 'HONOR', 24000)
('HONOR 2', 'HONOR', 28000)
('HONOR 3', 'HONOR', 32000)
('HONOR 4', 'HONOR', 35000)
('HONOR 5', 'HONOR', 40000)
('HONOR 6', 'HONOR', 43000)
('HONOR 7', 'HONOR', 49000)
('HONOR 8', 'HONOR', 52000)
____________________

____CLUSTER   4 ____
('IPhone 7', 'Apple', 46000)
('IPhone 6', 'Apple', 36000)
('IPhone X', 'Apple', 100000)
____________________

____CLUSTER   5 ____
('MI 2', 'Xiaomi', 14000)
____________________

____CLUSTER   6 ____
('P10', 'HUAWEI', 16000)
('P20', 'HUAWEI', 26000)
('P30', 'HUAWEI', 36000)
('P40', 'HUAWEI', 46000)
____________________

____CLUSTER   7 ____
('Reno 2', 'OPPO', 16000)
('Reno 3', 'OPPO', 19000)
('Reno 4', 'OPPO', 21000)
('Reno 5', 'OPPO', 24000)
____________________

____CLUSTER   8 ____
('Galaxy S9', 'Samsung', 63000)
('Galaxy S8', 'Samsung', 46000)
('Galaxy S8 Plus', 'Samsung', 56000)
('OnePlus 5', 'OnePlus', 33000)
('OnePlus 6', 'OnePlus', 38000)
('OnePlus 7', 'OnePlus', 44000)
('OnePlus 8', 'OnePlus', 49000)
____________________

____CLUSTER   9 ____
('MI Note', 'Xiaomi', 7000)
('Poco M1', 'Xiaomi', 6000)
____________________

____CLUSTER   10 ____
('Pixel 4', 'Google', 25000)
('Pixel 5', 'Google', 29000)
('Poco X2', 'Xiaomi', 18000)
('Poco X3', 'Xiaomi', 26000)
('Poco F', 'Xiaomi', 26000)
('Poco F2', 'Xiaomi', 32000)
('Poco F3', 'Xiaomi', 40000)
('Nord', 'OnePlus', 22000)
('Nord 2', 'OnePlus', 22000)
('Nord 3', 'OnePlus', 22000)
('Nord 4', 'OnePlus', 28000)
('Nord 5', 'OnePlus', 30000)
('Nord 6', 'OnePlus', 33000)
____________________

____CLUSTER   11 ____
('M10', 'Samsung', 32000)
____________________

____CLUSTER   12 ____
('J7', 'Samsung', 20000)
('A6', 'Samsung', 22000)
('A5', 'Samsung', 18000)
____________________

____CLUSTER   13 ____
('MI Note Pro', 'Xiaomi', 10000)
('MI Note 2', 'Xiaomi', 14000)
('Pixel', 'Google', 10000)
('Pixel 2', 'Google', 10000)
('Pixel 3', 'Google', 15000)
('Poco M2', 'Xiaomi', 9000)
('Poco M3', 'Xiaomi', 12000)
('Poco X', 'Xiaomi', 12000)
____________________

____CLUSTER   14 ____
('J5', 'Samsung', 12000)
('J6', 'Samsung', 15000)
____________________
[0, 0, 0, 0, 0, 0, 0, 0, 1, 0, 0, 0, 0, 0, 0]
[0, 0, 0, 0, 0, 0, 0, 0, 1, 0, 0, 0, 0, 0, 0]
[0, 0, 0, 0, 0, 0, 0, 0, 1, 0, 0, 0, 0, 0, 0]
[0, 0, 0, 0, 0, 0, 0, 0, 0, 1, 0, 0, 0, 0, 0]
[0, 0, 0, 0, 0, 1, 0, 0, 0, 0, 0, 0, 0, 0, 0]
[0, 0, 1, 0, 0, 0, 0, 0, 0, 0, 0, 0, 0, 0, 0]
[0, 0, 1, 0, 0, 0, 0, 0, 0, 0, 0, 0, 0, 0, 0]
[0, 0, 1, 0, 0, 0, 0, 0, 0, 0, 0, 0, 0, 0, 0]
[0, 0, 1, 0, 0, 0, 0, 0, 0, 0, 0, 0, 0, 0, 0]
[0, 0, 1, 0, 0, 0, 0, 0, 0, 0, 0, 0, 0, 0, 0]
[0, 0, 1, 0, 0, 0, 0, 0, 0, 0, 0, 0, 0, 0, 0]
[0, 0, 1, 0, 0, 0, 0, 0, 0, 0, 0, 0, 0, 0, 0]
[0, 1, 0, 0, 0, 0, 0, 0, 0, 0, 0, 0, 0, 0, 0]
[0, 1, 0, 0, 0, 0, 0, 0, 0, 0, 0, 0, 0, 0, 0]
[0, 1, 0, 0, 0, 0, 0, 0, 0, 0, 0, 0, 0, 0, 0]
[0, 1, 0, 0, 0, 0, 0, 0, 0, 0, 0, 0, 0, 0, 0]
[0, 1, 0, 0, 0, 0, 0, 0, 0, 0, 0, 0, 0, 0, 0]
[0, 0, 0, 0, 0, 0, 0, 0, 0, 0, 0, 0, 0, 1, 0]
[0, 0, 0, 0, 0, 0, 0, 0, 0, 0, 0, 0, 0, 1, 0]
[0, 0, 0, 0, 1, 0, 0, 0, 0, 0, 0, 0, 0, 0, 0]
[0, 0, 0, 0, 1, 0, 0, 0, 0, 0, 0, 0, 0, 0, 0]
[0, 0, 0, 0, 1, 0, 0, 0, 0, 0, 0, 0, 0, 0, 0]
[0, 0, 0, 0, 0, 0, 0, 0, 0, 0, 0, 0, 0, 1, 0]
[0, 0, 0, 0, 0, 0, 0, 0, 0, 0, 0, 0, 0, 1, 0]
[0, 0, 0, 0, 0, 0, 0, 0, 0, 0, 0, 0, 0, 1, 0]
[0, 0, 0, 0, 0, 0, 0, 0, 0, 0, 1, 0, 0, 0, 0]
[0, 0, 0, 0, 0, 0, 0, 0, 0, 0, 1, 0, 0, 0, 0]
[0, 0, 0, 0, 0, 0, 1, 0, 0, 0, 0, 0, 0, 0, 0]
[0, 0, 0, 0, 0, 0, 1, 0, 0, 0, 0, 0, 0, 0, 0]
[0, 0, 0, 0, 0, 0, 1, 0, 0, 0, 0, 0, 0, 0, 0]
[0, 0, 0, 0, 0, 0, 1, 0, 0, 0, 0, 0, 0, 0, 0]
[0, 0, 0, 0, 0, 0, 0, 0, 0, 1, 0, 0, 0, 0, 0]
[0, 0, 0, 0, 0, 0, 0, 0, 0, 0, 0, 0, 0, 1, 0]
[0, 0, 0, 0, 0, 0, 0, 0, 0, 0, 0, 0, 0, 1, 0]
[0, 0, 0, 0, 0, 0, 0, 0, 0, 0, 0, 0, 0, 1, 0]
[0, 0, 0, 0, 0, 0, 0, 0, 0, 0, 1, 0, 0, 0, 0]
[0, 0, 0, 0, 0, 0, 0, 0, 0, 0, 1, 0, 0, 0, 0]
[0, 0, 0, 0, 0, 0, 0, 0, 0, 0, 1, 0, 0, 0, 0]
[0, 0, 0, 0, 0, 0, 0, 0, 0, 0, 1, 0, 0, 0, 0]
[0, 0, 0, 0, 0, 0, 0, 0, 0, 0, 1, 0, 0, 0, 0]
[0, 0, 0, 0, 0, 0, 0, 0, 0, 0, 0, 0, 0, 0, 1]
[0, 0, 0, 0, 0, 0, 0, 0, 0, 0, 0, 0, 0, 0, 1]
[0, 0, 0, 0, 0, 0, 0, 0, 0, 0, 0, 0, 1, 0, 0]
[0, 0, 0, 0, 0, 0, 0, 0, 0, 0, 0, 0, 1, 0, 0]
[0, 0, 0, 0, 0, 0, 0, 0, 0, 0, 0, 0, 1, 0, 0]
[0, 0, 0, 0, 0, 0, 0, 0, 0, 0, 0, 1, 0, 0, 0]
[1, 0, 0, 0, 0, 0, 0, 0, 0, 0, 0, 0, 0, 0, 0]
[0, 0, 0, 0, 0, 0, 0, 1, 0, 0, 0, 0, 0, 0, 0]
[0, 0, 0, 0, 0, 0, 0, 1, 0, 0, 0, 0, 0, 0, 0]
[0, 0, 0, 0, 0, 0, 0, 1, 0, 0, 0, 0, 0, 0, 0]
[0, 0, 0, 0, 0, 0, 0, 1, 0, 0, 0, 0, 0, 0, 0]
[0, 0, 0, 1, 0, 0, 0, 0, 0, 0, 0, 0, 0, 0, 0]
[0, 0, 0, 1, 0, 0, 0, 0, 0, 0, 0, 0, 0, 0, 0]
[0, 0, 0, 1, 0, 0, 0, 0, 0, 0, 0, 0, 0, 0, 0]
[0, 0, 0, 1, 0, 0, 0, 0, 0, 0, 0, 0, 0, 0, 0]
[0, 0, 0, 1, 0, 0, 0, 0, 0, 0, 0, 0, 0, 0, 0]
[0, 0, 0, 1, 0, 0, 0, 0, 0, 0, 0, 0, 0, 0, 0]
[0, 0, 0, 1, 0, 0, 0, 0, 0, 0, 0, 0, 0, 0, 0]
[0, 0, 0, 1, 0, 0, 0, 0, 0, 0, 0, 0, 0, 0, 0]
[0, 0, 0, 1, 0, 0, 0, 0, 0, 0, 0, 0, 0, 0, 0]
[0, 0, 0, 0, 0, 0, 0, 0, 0, 0, 1, 0, 0, 0, 0]
[0, 0, 0, 0, 0, 0, 0, 0, 0, 0, 1, 0, 0, 0, 0]
[0, 0, 0, 0, 0, 0, 0, 0, 0, 0, 1, 0, 0, 0, 0]
[0, 0, 0, 0, 0, 0, 0, 0, 0, 0, 1, 0, 0, 0, 0]
[0, 0, 0, 0, 0, 0, 0, 0, 0, 0, 1, 0, 0, 0, 0]
[0, 0, 0, 0, 0, 0, 0, 0, 0, 0, 1, 0, 0, 0, 0]
[0, 0, 0, 0, 0, 0, 0, 0, 1, 0, 0, 0, 0, 0, 0]
[0, 0, 0, 0, 0, 0, 0, 0, 1, 0, 0, 0, 0, 0, 0]
[0, 0, 0, 0, 0, 0, 0, 0, 1, 0, 0, 0, 0, 0, 0]
[0, 0, 0, 0, 0, 0, 0, 0, 1, 0, 0, 0, 0, 0, 0]
[0, 0, 0, 0, 0, 0, 0, 0, 1, 0, 0, 0, 0, 0, 0]
[[ 0.15012723  0.43324251  0.0952381   8.        ]
 [ 0.15031847  0.43324251  0.13043478  8.        ]
 [ 0.09539208  0.43324251  0.10714286  8.        ]
 [ 0.20068027  0.51707317  0.85714286  9.        ]
 [ 0.50862069  0.51707317  0.42857143  5.        ]
 [ 0.5042735   0.51707317  0.24        2.        ]
 [ 0.50212766  0.51707317  0.22222222  2.        ]
 [ 0.5         0.51707317  0.2         2.        ]
 [ 0.4978903   0.51707317  0.18181818  2.        ]
 [ 0.49579832  0.51707317  0.16666667  2.        ]
 [ 0.49372385  0.51707317  0.16216216  2.        ]
 [ 0.42293907  0.51707317  0.13333333  2.        ]
 [ 0.14622057  0.77184466  0.24        1.        ]
 [ 0.1460396   0.77184466  0.22641509  1.        ]
 [ 0.14585909  0.77184466  0.20689655  1.        ]
 [ 0.14567901  0.77184466  0.18181818  1.        ]
 [ 0.14549938  0.77184466  0.17518248  1.        ]
 [ 0.12756757  0.51707317  0.6        13.        ]
 [ 0.1761194   0.51707317  0.42857143 13.        ]
 [ 0.17717718  0.63855422  0.13043478  4.        ]
 [ 0.17744361  0.63855422  0.16666667  4.        ]
 [ 0.16881259  0.63855422  0.06        4.        ]
 [ 0.22957198  0.52561983  0.6        13.        ]
 [ 0.19798658  0.52561983  0.6        13.        ]
 [ 0.19765494  0.52561983  0.4        13.        ]
 [ 0.19732441  0.52561983  0.24       10.        ]
 [ 0.19699499  0.52561983  0.20689655 10.        ]
 [ 0.66666667  0.70509978  0.375       6.        ]
 [ 0.66292135  0.70509978  0.23076923  6.        ]
 [ 0.65921788  0.70509978  0.16666667  6.        ]
 [ 0.65555556  0.70509978  0.13043478  6.        ]
 [ 0.21109123  0.51707317  1.          9.        ]
 [ 0.21071429  0.51707317  0.66666667 13.        ]
 [ 0.21033868  0.51707317  0.5        13.        ]
 [ 0.22648752  0.51707317  0.5        13.        ]
 [ 0.20665499  0.51707317  0.33333333 10.        ]
 [ 0.20629371  0.51707317  0.23076923 10.        ]
 [ 0.23459245  0.51707317  0.23076923 10.        ]
 [ 0.21338156  0.51707317  0.1875     10.        ]
 [ 0.21299639  0.51707317  0.15       10.        ]
 [ 0.92913386  0.43324251  0.5        14.        ]
 [ 0.921875    0.43324251  0.4        14.        ]
 [ 0.91472868  0.43324251  0.3        12.        ]
 [ 0.99159664  0.43324251  0.27272727 12.        ]
 [ 1.          0.43324251  0.33333333 12.        ]
 [ 0.67816092  0.43324251  0.1875     11.        ]
 [ 0.29207921  1.          0.54545455  0.        ]
 [ 0.24279835  1.          0.375       7.        ]
 [ 0.24229979  1.          0.31578947  7.        ]
 [ 0.24180328  1.          0.28571429  7.        ]
 [ 0.24130879  1.          0.25        7.        ]
 [ 0.40689655  0.81538462  0.25        3.        ]
 [ 0.3025641   0.81538462  0.25        3.        ]
 [ 0.25        0.81538462  0.21428571  3.        ]
 [ 0.24947146  0.81538462  0.1875      3.        ]
 [ 0.24894515  0.81538462  0.17142857  3.        ]
 [ 0.24842105  0.81538462  0.15        3.        ]
 [ 0.24789916  0.81538462  0.13953488  3.        ]
 [ 0.24737945  0.81538462  0.12244898  3.        ]
 [ 0.24686192  0.81538462  0.11538462  3.        ]
 [ 0.29280397  0.44788732  0.27272727 10.        ]
 [ 0.24329897  0.44788732  0.27272727 10.        ]
 [ 0.24279835  0.44788732  0.27272727 10.        ]
 [ 0.24229979  0.44788732  0.21428571 10.        ]
 [ 0.24180328  0.44788732  0.2        10.        ]
 [ 0.24130879  0.44788732  0.18181818 10.        ]
 [ 0.14842767  0.44788732  0.18181818  8.        ]
 [ 0.14824121  0.44788732  0.15789474  8.        ]
 [ 0.14805521  0.44788732  0.13636364  8.        ]
 [ 0.14786967  0.44788732  0.12244898  8.        ]
 [ 0.14786967  0.44788732  0.12244898  8.        ]] x:  [[0.15012723 0.43324251 0.0952381 ]
 [0.15031847 0.43324251 0.13043478]
 [0.09539208 0.43324251 0.10714286]
 [0.20068027 0.51707317 0.85714286]
 [0.50862069 0.51707317 0.42857143]
 [0.5042735  0.51707317 0.24      ]
 [0.50212766 0.51707317 0.22222222]
 [0.5        0.51707317 0.2       ]
 [0.4978903  0.51707317 0.18181818]
 [0.49579832 0.51707317 0.16666667]
 [0.49372385 0.51707317 0.16216216]
 [0.42293907 0.51707317 0.13333333]
 [0.14622057 0.77184466 0.24      ]
 [0.1460396  0.77184466 0.22641509]
 [0.14585909 0.77184466 0.20689655]
 [0.14567901 0.77184466 0.18181818]
 [0.14549938 0.77184466 0.17518248]
 [0.12756757 0.51707317 0.6       ]
 [0.1761194  0.51707317 0.42857143]
 [0.17717718 0.63855422 0.13043478]
 [0.17744361 0.63855422 0.16666667]
 [0.16881259 0.63855422 0.06      ]
 [0.22957198 0.52561983 0.6       ]
 [0.19798658 0.52561983 0.6       ]
 [0.19765494 0.52561983 0.4       ]
 [0.19732441 0.52561983 0.24      ]
 [0.19699499 0.52561983 0.20689655]
 [0.66666667 0.70509978 0.375     ]
 [0.66292135 0.70509978 0.23076923]
 [0.65921788 0.70509978 0.16666667]
 [0.65555556 0.70509978 0.13043478]
 [0.21109123 0.51707317 1.        ]
 [0.21071429 0.51707317 0.66666667]
 [0.21033868 0.51707317 0.5       ]
 [0.22648752 0.51707317 0.5       ]
 [0.20665499 0.51707317 0.33333333]
 [0.20629371 0.51707317 0.23076923]
 [0.23459245 0.51707317 0.23076923]
 [0.21338156 0.51707317 0.1875    ]
 [0.21299639 0.51707317 0.15      ]
 [0.92913386 0.43324251 0.5       ]
 [0.921875   0.43324251 0.4       ]
 [0.91472868 0.43324251 0.3       ]
 [0.99159664 0.43324251 0.27272727]
 [1.         0.43324251 0.33333333]
 [0.67816092 0.43324251 0.1875    ]
 [0.29207921 1.         0.54545455]
 [0.24279835 1.         0.375     ]
 [0.24229979 1.         0.31578947]
 [0.24180328 1.         0.28571429]
 [0.24130879 1.         0.25      ]
 [0.40689655 0.81538462 0.25      ]
 [0.3025641  0.81538462 0.25      ]
 [0.25       0.81538462 0.21428571]
 [0.24947146 0.81538462 0.1875    ]
 [0.24894515 0.81538462 0.17142857]
 [0.24842105 0.81538462 0.15      ]
 [0.24789916 0.81538462 0.13953488]
 [0.24737945 0.81538462 0.12244898]
 [0.24686192 0.81538462 0.11538462]
 [0.29280397 0.44788732 0.27272727]
 [0.24329897 0.44788732 0.27272727]
 [0.24279835 0.44788732 0.27272727]
 [0.24229979 0.44788732 0.21428571]
 [0.24180328 0.44788732 0.2       ]
 [0.24130879 0.44788732 0.18181818]
 [0.14842767 0.44788732 0.18181818]
 [0.14824121 0.44788732 0.15789474]
 [0.14805521 0.44788732 0.13636364]
 [0.14786967 0.44788732 0.12244898]] y:  [[0, 0, 0, 0, 0, 0, 0, 0, 1, 0, 0, 0, 0, 0, 0], [0, 0, 0, 0, 0, 0, 0, 0, 1, 0, 0, 0, 0, 0, 0], [0, 0, 0, 0, 0, 0, 0, 0, 1, 0, 0, 0, 0, 0, 0], [0, 0, 0, 0, 0, 0, 0, 0, 0, 1, 0, 0, 0, 0, 0], [0, 0, 0, 0, 0, 1, 0, 0, 0, 0, 0, 0, 0, 0, 0], [0, 0, 1, 0, 0, 0, 0, 0, 0, 0, 0, 0, 0, 0, 0], [0, 0, 1, 0, 0, 0, 0, 0, 0, 0, 0, 0, 0, 0, 0], [0, 0, 1, 0, 0, 0, 0, 0, 0, 0, 0, 0, 0, 0, 0], [0, 0, 1, 0, 0, 0, 0, 0, 0, 0, 0, 0, 0, 0, 0], [0, 0, 1, 0, 0, 0, 0, 0, 0, 0, 0, 0, 0, 0, 0], [0, 0, 1, 0, 0, 0, 0, 0, 0, 0, 0, 0, 0, 0, 0], [0, 0, 1, 0, 0, 0, 0, 0, 0, 0, 0, 0, 0, 0, 0], [0, 1, 0, 0, 0, 0, 0, 0, 0, 0, 0, 0, 0, 0, 0], [0, 1, 0, 0, 0, 0, 0, 0, 0, 0, 0, 0, 0, 0, 0], [0, 1, 0, 0, 0, 0, 0, 0, 0, 0, 0, 0, 0, 0, 0], [0, 1, 0, 0, 0, 0, 0, 0, 0, 0, 0, 0, 0, 0, 0], [0, 1, 0, 0, 0, 0, 0, 0, 0, 0, 0, 0, 0, 0, 0], [0, 0, 0, 0, 0, 0, 0, 0, 0, 0, 0, 0, 0, 1, 0], [0, 0, 0, 0, 0, 0, 0, 0, 0, 0, 0, 0, 0, 1, 0], [0, 0, 0, 0, 1, 0, 0, 0, 0, 0, 0, 0, 0, 0, 0], [0, 0, 0, 0, 1, 0, 0, 0, 0, 0, 0, 0, 0, 0, 0], [0, 0, 0, 0, 1, 0, 0, 0, 0, 0, 0, 0, 0, 0, 0], [0, 0, 0, 0, 0, 0, 0, 0, 0, 0, 0, 0, 0, 1, 0], [0, 0, 0, 0, 0, 0, 0, 0, 0, 0, 0, 0, 0, 1, 0], [0, 0, 0, 0, 0, 0, 0, 0, 0, 0, 0, 0, 0, 1, 0], [0, 0, 0, 0, 0, 0, 0, 0, 0, 0, 1, 0, 0, 0, 0], [0, 0, 0, 0, 0, 0, 0, 0, 0, 0, 1, 0, 0, 0, 0], [0, 0, 0, 0, 0, 0, 1, 0, 0, 0, 0, 0, 0, 0, 0], [0, 0, 0, 0, 0, 0, 1, 0, 0, 0, 0, 0, 0, 0, 0], [0, 0, 0, 0, 0, 0, 1, 0, 0, 0, 0, 0, 0, 0, 0], [0, 0, 0, 0, 0, 0, 1, 0, 0, 0, 0, 0, 0, 0, 0], [0, 0, 0, 0, 0, 0, 0, 0, 0, 1, 0, 0, 0, 0, 0], [0, 0, 0, 0, 0, 0, 0, 0, 0, 0, 0, 0, 0, 1, 0], [0, 0, 0, 0, 0, 0, 0, 0, 0, 0, 0, 0, 0, 1, 0], [0, 0, 0, 0, 0, 0, 0, 0, 0, 0, 0, 0, 0, 1, 0], [0, 0, 0, 0, 0, 0, 0, 0, 0, 0, 1, 0, 0, 0, 0], [0, 0, 0, 0, 0, 0, 0, 0, 0, 0, 1, 0, 0, 0, 0], [0, 0, 0, 0, 0, 0, 0, 0, 0, 0, 1, 0, 0, 0, 0], [0, 0, 0, 0, 0, 0, 0, 0, 0, 0, 1, 0, 0, 0, 0], [0, 0, 0, 0, 0, 0, 0, 0, 0, 0, 1, 0, 0, 0, 0], [0, 0, 0, 0, 0, 0, 0, 0, 0, 0, 0, 0, 0, 0, 1], [0, 0, 0, 0, 0, 0, 0, 0, 0, 0, 0, 0, 0, 0, 1], [0, 0, 0, 0, 0, 0, 0, 0, 0, 0, 0, 0, 1, 0, 0], [0, 0, 0, 0, 0, 0, 0, 0, 0, 0, 0, 0, 1, 0, 0], [0, 0, 0, 0, 0, 0, 0, 0, 0, 0, 0, 0, 1, 0, 0], [0, 0, 0, 0, 0, 0, 0, 0, 0, 0, 0, 1, 0, 0, 0], [1, 0, 0, 0, 0, 0, 0, 0, 0, 0, 0, 0, 0, 0, 0], [0, 0, 0, 0, 0, 0, 0, 1, 0, 0, 0, 0, 0, 0, 0], [0, 0, 0, 0, 0, 0, 0, 1, 0, 0, 0, 0, 0, 0, 0], [0, 0, 0, 0, 0, 0, 0, 1, 0, 0, 0, 0, 0, 0, 0], [0, 0, 0, 0, 0, 0, 0, 1, 0, 0, 0, 0, 0, 0, 0], [0, 0, 0, 1, 0, 0, 0, 0, 0, 0, 0, 0, 0, 0, 0], [0, 0, 0, 1, 0, 0, 0, 0, 0, 0, 0, 0, 0, 0, 0], [0, 0, 0, 1, 0, 0, 0, 0, 0, 0, 0, 0, 0, 0, 0], [0, 0, 0, 1, 0, 0, 0, 0, 0, 0, 0, 0, 0, 0, 0], [0, 0, 0, 1, 0, 0, 0, 0, 0, 0, 0, 0, 0, 0, 0], [0, 0, 0, 1, 0, 0, 0, 0, 0, 0, 0, 0, 0, 0, 0], [0, 0, 0, 1, 0, 0, 0, 0, 0, 0, 0, 0, 0, 0, 0], [0, 0, 0, 1, 0, 0, 0, 0, 0, 0, 0, 0, 0, 0, 0], [0, 0, 0, 1, 0, 0, 0, 0, 0, 0, 0, 0, 0, 0, 0], [0, 0, 0, 0, 0, 0, 0, 0, 0, 0, 1, 0, 0, 0, 0], [0, 0, 0, 0, 0, 0, 0, 0, 0, 0, 1, 0, 0, 0, 0], [0, 0, 0, 0, 0, 0, 0, 0, 0, 0, 1, 0, 0, 0, 0], [0, 0, 0, 0, 0, 0, 0, 0, 0, 0, 1, 0, 0, 0, 0], [0, 0, 0, 0, 0, 0, 0, 0, 0, 0, 1, 0, 0, 0, 0], [0, 0, 0, 0, 0, 0, 0, 0, 0, 0, 1, 0, 0, 0, 0], [0, 0, 0, 0, 0, 0, 0, 0, 1, 0, 0, 0, 0, 0, 0], [0, 0, 0, 0, 0, 0, 0, 0, 1, 0, 0, 0, 0, 0, 0], [0, 0, 0, 0, 0, 0, 0, 0, 1, 0, 0, 0, 0, 0, 0], [0, 0, 0, 0, 0, 0, 0, 0, 1, 0, 0, 0, 0, 0, 0], [0, 0, 0, 0, 0, 0, 0, 0, 1, 0, 0, 0, 0, 0, 0]]
Data for deep learning:
 [[0.15012723 0.43324251 0.0952381 ]
 [0.15031847 0.43324251 0.13043478]
 [0.09539208 0.43324251 0.10714286]
 [0.20068027 0.51707317 0.85714286]
 [0.50862069 0.51707317 0.42857143]
 [0.5042735  0.51707317 0.24      ]
 [0.50212766 0.51707317 0.22222222]
 [0.5        0.51707317 0.2       ]
 [0.4978903  0.51707317 0.18181818]
 [0.49579832 0.51707317 0.16666667]
 [0.49372385 0.51707317 0.16216216]
 [0.42293907 0.51707317 0.13333333]
 [0.14622057 0.77184466 0.24      ]
 [0.1460396  0.77184466 0.22641509]
 [0.14585909 0.77184466 0.20689655]
 [0.14567901 0.77184466 0.18181818]
 [0.14549938 0.77184466 0.17518248]
 [0.12756757 0.51707317 0.6       ]
 [0.1761194  0.51707317 0.42857143]
 [0.17717718 0.63855422 0.13043478]
 [0.17744361 0.63855422 0.16666667]
 [0.16881259 0.63855422 0.06      ]
 [0.22957198 0.52561983 0.6       ]
 [0.19798658 0.52561983 0.6       ]
 [0.19765494 0.52561983 0.4       ]
 [0.19732441 0.52561983 0.24      ]
 [0.19699499 0.52561983 0.20689655]
 [0.66666667 0.70509978 0.375     ]
 [0.66292135 0.70509978 0.23076923]
 [0.65921788 0.70509978 0.16666667]
 [0.65555556 0.70509978 0.13043478]
 [0.21109123 0.51707317 1.        ]
 [0.21071429 0.51707317 0.66666667]
 [0.21033868 0.51707317 0.5       ]
 [0.22648752 0.51707317 0.5       ]
 [0.20665499 0.51707317 0.33333333]
 [0.20629371 0.51707317 0.23076923]
 [0.23459245 0.51707317 0.23076923]
 [0.21338156 0.51707317 0.1875    ]
 [0.21299639 0.51707317 0.15      ]
 [0.92913386 0.43324251 0.5       ]
 [0.921875   0.43324251 0.4       ]
 [0.91472868 0.43324251 0.3       ]
 [0.99159664 0.43324251 0.27272727]
 [1.         0.43324251 0.33333333]
 [0.67816092 0.43324251 0.1875    ]
 [0.29207921 1.         0.54545455]
 [0.24279835 1.         0.375     ]
 [0.24229979 1.         0.31578947]
 [0.24180328 1.         0.28571429]
 [0.24130879 1.         0.25      ]
 [0.40689655 0.81538462 0.25      ]
 [0.3025641  0.81538462 0.25      ]
 [0.25       0.81538462 0.21428571]
 [0.24947146 0.81538462 0.1875    ]
 [0.24894515 0.81538462 0.17142857]
 [0.24842105 0.81538462 0.15      ]
 [0.24789916 0.81538462 0.13953488]
 [0.24737945 0.81538462 0.12244898]
 [0.24686192 0.81538462 0.11538462]
 [0.29280397 0.44788732 0.27272727]
 [0.24329897 0.44788732 0.27272727]
 [0.24279835 0.44788732 0.27272727]
 [0.24229979 0.44788732 0.21428571]
 [0.24180328 0.44788732 0.2       ]
 [0.24130879 0.44788732 0.18181818]
 [0.14842767 0.44788732 0.18181818]
 [0.14824121 0.44788732 0.15789474]
 [0.14805521 0.44788732 0.13636364]
 [0.14786967 0.44788732 0.12244898]]
Labels for deep learning:
 [[0 0 0 ... 0 0 0]
 [0 0 0 ... 0 0 0]
 [0 0 0 ... 0 0 0]
 ...
 [0 0 0 ... 0 0 0]
 [0 0 0 ... 0 0 0]
 [0 0 0 ... 0 0 0]]
Epoch 1/10000

 1/59 [..............................] - ETA: 31s - loss: 4.0400 - accuracy: 0.0000e+00
59/59 [==============================] - ETA: 0s - loss: 3.0034 - accuracy: 0.0662     
59/59 [==============================] - 1s 6ms/step - loss: 3.0030 - accuracy: 0.0656 - val_loss: 3.0689 - val_accuracy: 0.0000e+00
Epoch 2/10000

 1/59 [..............................] - ETA: 0s - loss: 2.9737 - accuracy: 0.0000e+00
59/59 [==============================] - ETA: 0s - loss: 2.9039 - accuracy: 0.0174    
59/59 [==============================] - 0s 1ms/step - loss: 2.9028 - accuracy: 0.0182 - val_loss: 2.8300 - val_accuracy: 0.0909
Epoch 3/10000

 1/59 [..............................] - ETA: 0s - loss: 3.4572 - accuracy: 0.0000e+00
58/59 [============================>.] - ETA: 0s - loss: 2.7256 - accuracy: 0.1132    
59/59 [==============================] - 0s 1ms/step - loss: 2.7267 - accuracy: 0.1134 - val_loss: 2.7253 - val_accuracy: 0.0909
Epoch 4/10000

 1/59 [..............................] - ETA: 0s - loss: 2.4659 - accuracy: 0.0000e+00
59/59 [==============================] - 0s 1ms/step - loss: 2.6773 - accuracy: 0.0606 - val_loss: 2.6298 - val_accuracy: 0.0909
Epoch 5/10000

 1/59 [..............................] - ETA: 0s - loss: 3.4456 - accuracy: 0.0000e+00
59/59 [==============================] - 0s 1ms/step - loss: 2.8145 - accuracy: 0.0394 - val_loss: 2.5436 - val_accuracy: 0.0909
Epoch 6/10000

 1/59 [..............................] - ETA: 0s - loss: 3.9993 - accuracy: 0.0000e+00
59/59 [==============================] - 0s 1ms/step - loss: 2.7075 - accuracy: 0.2167 - val_loss: 2.5547 - val_accuracy: 0.0909
Epoch 7/10000

 1/59 [..............................] - ETA: 0s - loss: 3.0092 - accuracy: 0.0000e+00
56/59 [===========================>..] - ETA: 0s - loss: 2.6519 - accuracy: 0.0591    
59/59 [==============================] - 0s 1ms/step - loss: 2.6511 - accuracy: 0.0620 - val_loss: 2.5500 - val_accuracy: 0.0000e+00
Epoch 8/10000

 1/59 [..............................] - ETA: 0s - loss: 2.8140 - accuracy: 0.0000e+00
59/59 [==============================] - ETA: 0s - loss: 2.7139 - accuracy: 0.0668    
59/59 [==============================] - 0s 1ms/step - loss: 2.7127 - accuracy: 0.0671 - val_loss: 2.5094 - val_accuracy: 0.0909
Epoch 9/10000

 1/59 [..............................] - ETA: 0s - loss: 2.6076 - accuracy: 0.0000e+00
57/59 [===========================>..] - ETA: 0s - loss: 2.5530 - accuracy: 0.1626    
59/59 [==============================] - 0s 1ms/step - loss: 2.5577 - accuracy: 0.1604 - val_loss: 2.5004 - val_accuracy: 0.0909
Epoch 10/10000

 1/59 [..............................] - ETA: 0s - loss: 2.1738 - accuracy: 0.0000e+00
59/59 [==============================] - 0s 1ms/step - loss: 2.7305 - accuracy: 0.0487 - val_loss: 2.4898 - val_accuracy: 0.0909
Epoch 11/10000

 1/59 [..............................] - ETA: 0s - loss: 2.6520 - accuracy: 0.0000e+00
59/59 [==============================] - 0s 1ms/step - loss: 2.6726 - accuracy: 0.0105 - val_loss: 2.4739 - val_accuracy: 0.0909
Epoch 12/10000

 1/59 [..............................] - ETA: 0s - loss: 3.4281 - accuracy: 0.0000e+00
59/59 [==============================] - 0s 1ms/step - loss: 2.7073 - accuracy: 0.1569 - val_loss: 2.4419 - val_accuracy: 0.0000e+00
Epoch 13/10000

...

 1/59 [..............................] - ETA: 0s - loss: 0.3067 - accuracy: 1.0000
58/59 [============================>.] - ETA: 0s - loss: 0.2231 - accuracy: 0.9075
59/59 [==============================] - 0s 1ms/step - loss: 0.2226 - accuracy: 0.9078 - val_loss: 0.2405 - val_accuracy: 0.9091
Epoch 9998/10000

 1/59 [..............................] - ETA: 0s - loss: 0.2480 - accuracy: 1.0000
55/59 [==========================>...] - ETA: 0s - loss: 0.3447 - accuracy: 0.9051
59/59 [==============================] - 0s 1ms/step - loss: 0.3408 - accuracy: 0.9044 - val_loss: 0.2325 - val_accuracy: 0.9091
Epoch 9999/10000

 1/59 [..............................] - ETA: 0s - loss: 0.0949 - accuracy: 1.0000
57/59 [===========================>..] - ETA: 0s - loss: 0.1779 - accuracy: 0.9227
59/59 [==============================] - 0s 1ms/step - loss: 0.1763 - accuracy: 0.9249 - val_loss: 0.2278 - val_accuracy: 0.9091
Epoch 10000/10000

 1/59 [..............................] - ETA: 0s - loss: 0.0559 - accuracy: 1.0000
57/59 [===========================>..] - ETA: 0s - loss: 0.1934 - accuracy: 0.9405
59/59 [==============================] - 0s 1ms/step - loss: 0.1935 - accuracy: 0.9393 - val_loss: 0.2165 - val_accuracy: 0.9091
[[0.15012722646310434, 0.43324250681198906, 0.09523809523809523], [0.1503184713375796, 0.43324250681198906, 0.13043478260869568], [0.09539207760711398, 0.43324250681198906, 0.10714285714285715], [0.20068027210884354, 0.5170731707317073, 0.8571428571428572], [0.5086206896551724, 0.5170731707317073, 0.4285714285714286], [0.5042735042735044, 0.5170731707317073, 0.24000000000000002], [0.5021276595744681, 0.5170731707317073, 0.22222222222222224], [0.5, 0.5170731707317073, 0.2], [0.49789029535864976, 0.5170731707317073, 0.18181818181818182], [0.49579831932773105, 0.5170731707317073, 0.16666666666666669], [0.4937238493723849, 0.5170731707317073, 0.16216216216216217], [0.4229390681003584, 0.5170731707317073, 0.13333333333333333], [0.14622057001239158, 0.7718446601941746, 0.24000000000000002], [0.14603960396039603, 0.7718446601941746, 0.22641509433962267], [0.14585908529048205, 0.7718446601941746, 0.20689655172413796], [0.145679012345679, 0.7718446601941746, 0.18181818181818182], [0.14549938347718866, 0.7718446601941746, 0.17518248175182483], [0.12756756756756757, 0.5170731707317073, 0.6000000000000001], [0.17611940298507464, 0.5170731707317073, 0.4285714285714286], [0.17717717717717718, 0.6385542168674698, 0.13043478260869568], [0.1774436090225564, 0.6385542168674698, 0.16666666666666669], [0.1688125894134478, 0.6385542168674698, 0.060000000000000005], [0.22957198443579768, 0.5256198347107438, 0.6000000000000001], [0.19798657718120805, 0.5256198347107438, 0.6000000000000001], [0.19765494137353434, 0.5256198347107438, 0.4], [0.19732441471571907, 0.5256198347107438, 0.24000000000000002], [0.1969949916527546, 0.5256198347107438, 0.20689655172413796], [0.6666666666666666, 0.70509977827051, 0.375], [0.6629213483146067, 0.70509977827051, 0.23076923076923078], [0.659217877094972, 0.70509977827051, 0.16666666666666669], [0.6555555555555556, 0.70509977827051, 0.13043478260869568], [0.2110912343470483, 0.5170731707317073, 1.0], [0.21071428571428572, 0.5170731707317073, 0.6666666666666667], [0.2103386809269162, 0.5170731707317073, 0.5], [0.22648752399232244, 0.5170731707317073, 0.5], [0.2066549912434326, 0.5170731707317073, 0.33333333333333337], [0.2062937062937063, 0.5170731707317073, 0.23076923076923078], [0.23459244532803178, 0.5170731707317073, 0.23076923076923078], [0.21338155515370705, 0.5170731707317073, 0.1875], [0.21299638989169675, 0.5170731707317073, 0.15000000000000002], [0.9291338582677166, 0.43324250681198906, 0.5], [0.921875, 0.43324250681198906, 0.4], [0.9147286821705426, 0.43324250681198906, 0.30000000000000004], [0.9915966386554621, 0.43324250681198906, 0.2727272727272727], [1.0, 0.43324250681198906, 0.33333333333333337], [0.6781609195402298, 0.43324250681198906, 0.1875], [0.29207920792079206, 1.0, 0.5454545454545454], [0.24279835390946505, 1.0, 0.375], [0.24229979466119098, 1.0, 0.31578947368421056], [0.2418032786885246, 1.0, 0.28571428571428575], [0.24130879345603273, 1.0, 0.25], [0.4068965517241379, 0.8153846153846154, 0.25], [0.30256410256410254, 0.8153846153846154, 0.25], [0.25, 0.8153846153846154, 0.2142857142857143], [0.24947145877378438, 0.8153846153846154, 0.1875], [0.24894514767932488, 0.8153846153846154, 0.17142857142857143], [0.24842105263157893, 0.8153846153846154, 0.15000000000000002], [0.24789915966386553, 0.8153846153846154, 0.13953488372093023], [0.24737945492662475, 0.8153846153846154, 0.12244897959183675], [0.24686192468619245, 0.8153846153846154, 0.11538461538461539], [0.29280397022332505, 0.447887323943662, 0.2727272727272727], [0.24329896907216494, 0.447887323943662, 0.2727272727272727], [0.24279835390946505, 0.447887323943662, 0.2727272727272727], [0.24229979466119098, 0.447887323943662, 0.2142857142857143], [0.2418032786885246, 0.447887323943662, 0.2], [0.24130879345603273, 0.447887323943662, 0.18181818181818182], [0.14842767295597484, 0.447887323943662, 0.18181818181818182], [0.14824120603015076, 0.447887323943662, 0.15789473684210528], [0.1480552070263488, 0.447887323943662, 0.13636363636363635], [0.14786967418546365, 0.447887323943662, 0.12244897959183675], [0.14786967418546365, 0.447887323943662, 0.12244897959183675], [0.18466353677621283, 0.447887323943662, 0.1016949152542373]]
Element:
 [[0.15012723 0.43324251 0.0952381 ]] 
 ('Galaxy S9', 'Samsung', 63000)
Answer:
 [[8.4575952e-08 9.9991488e-01 1.0000000e+00 6.9180018e-01 1.0000000e+00
  8.5806805e-01 3.0874406e-07 4.0071630e-13 1.0000000e+00 1.0364951e-11
  1.0000000e+00 9.9437845e-01 1.1241841e-08 9.9997926e-01 3.0920653e-08]]
Element:
 [[0.15031847 0.43324251 0.13043478]] 
 ('Galaxy S8', 'Samsung', 46000)
Answer:
 [[3.36417486e-07 9.99921620e-01 1.00000000e+00 2.61138409e-01
  1.00000000e+00 9.46886420e-01 7.96347237e-08 3.18804418e-13
  1.00000000e+00 2.66384720e-10 1.00000000e+00 9.81424928e-01
  4.42313208e-09 9.99996483e-01 1.08312406e-07]]
Element:
 [[0.09539208 0.43324251 0.10714286]] 
 ('Galaxy S8 Plus', 'Samsung', 56000)
Answer:
 [[4.1287066e-07 9.9999803e-01 1.0000000e+00 3.8996232e-01 1.0000000e+00
  8.2195085e-01 1.1875336e-08 1.4776499e-12 1.0000000e+00 9.8377063e-11
  1.0000000e+00 9.2458558e-01 1.7437210e-10 9.9999869e-01 3.9076240e-09]]
Element:
 [[0.20068027 0.51707317 0.85714286]] 
 ('MI Note', 'Xiaomi', 7000)
Answer:
 [[9.9999738e-01 9.3463880e-01 8.7805629e-02 2.0121222e-06 2.3692250e-03
  1.0000000e+00 1.4904879e-07 5.6769968e-06 1.9830465e-04 1.0000000e+00
  9.9997830e-01 1.5359520e-06 4.3219375e-10 1.0000000e+00 9.5137477e-01]]
Element:
 [[0.50862069 0.51707317 0.42857143]] 
 ('MI 2', 'Xiaomi', 14000)
Answer:
 [[1.6262344e-01 5.1241283e-08 9.9994981e-01 1.7081201e-03 1.0911822e-03
  1.0000000e+00 5.8531702e-01 1.4185758e-11 1.9800067e-03 9.0318739e-01
  9.9989671e-01 9.9138379e-01 7.2470289e-01 9.9962622e-01 9.9999607e-01]]
Element:
 [[0.5042735  0.51707317 0.24      ]] 
 ('MI 4', 'Xiaomi', 25000)
Answer:
 [[2.3782253e-04 7.3111089e-08 9.9999958e-01 9.5117337e-01 4.3322513e-01
  9.9991620e-01 9.9919498e-01 2.0881195e-10 7.0904732e-02 1.1485520e-06
  9.9974000e-01 9.9998546e-01 9.9879485e-01 1.9955939e-01 9.9771166e-01]]
Element:
 [[0.50212766 0.51707317 0.22222222]] 
 ('MI 5', 'Xiaomi', 27000)
Answer:
 [[1.3622642e-04 1.1092157e-07 9.9999976e-01 9.7717685e-01 6.3916183e-01
  9.9984151e-01 9.9941802e-01 2.6132158e-10 1.2586975e-01 2.4606095e-07
  9.9978232e-01 9.9999046e-01 9.9888957e-01 1.1703843e-01 9.9425739e-01]]
Element:
 [[0.5        0.51707317 0.2       ]] 
 ('MI 6', 'Xiaomi', 30000)
Answer:
 [[6.9138216e-05 1.9356045e-07 1.0000000e+00 9.9105597e-01 8.3716512e-01
  9.9965543e-01 9.9959254e-01 3.3392758e-10 2.4755001e-01 3.5987686e-08
  9.9983400e-01 9.9999416e-01 9.9893332e-01 5.9096456e-02 9.8166037e-01]]
Element:
 [[0.4978903  0.51707317 0.18181818]] 
 ('MI 7', 'Xiaomi', 33000)
Answer:
 [[4.0116302e-05 3.2799849e-07 1.0000000e+00 9.9571466e-01 9.2777383e-01
  9.9935579e-01 9.9966979e-01 3.9348985e-10 4.1046646e-01 7.4935249e-09
  9.9987555e-01 9.9999607e-01 9.9885923e-01 3.5069853e-02 9.5129794e-01]]
Element:
 [[0.49579832 0.51707317 0.16666667]] 
 ('MI 8', 'Xiaomi', 36000)
Answer:
 [[2.5599495e-05 5.3566936e-07 1.0000000e+00 9.9762547e-01 9.6607077e-01
  9.9892128e-01 9.9970639e-01 4.3945303e-10 5.7865047e-01 2.0298101e-09
  9.9990666e-01 9.9999696e-01 9.9870580e-01 2.3535460e-02 8.9076197e-01]]
Element:
 [[0.49372385 0.51707317 0.16216216]] 
 ('MI 9', 'Xiaomi', 37000)
Answer:
 [[2.2115906e-05 6.7463759e-07 1.0000000e+00 9.9797827e-01 9.7475421e-01
  9.9872351e-01 9.9969375e-01 4.4581014e-10 6.5000141e-01 1.3558380e-09
  9.9991918e-01 9.9999714e-01 9.9852002e-01 2.1990597e-02 8.5414773e-01]]
Element:
 [[0.42293907 0.51707317 0.13333333]] 
 ('MI 10', 'Xiaomi', 45000)
Answer:
 [[4.7542635e-06 1.0690623e-04 1.0000000e+00 9.9890077e-01 9.9978352e-01
  9.9159265e-01 9.9125075e-01 2.9790798e-10 9.9859858e-01 4.8868597e-11
  9.9999678e-01 9.9998933e-01 8.5518289e-01 9.9646688e-02 3.2289833e-02]]
Element:
 [[0.14622057 0.77184466 0.24      ]] 
 ('Zenfone 2', 'Asus', 25000)
Answer:
 [[9.9956918e-01 1.0000000e+00 9.8801529e-01 9.9999833e-01 9.9999845e-01
  9.2058927e-02 2.1096030e-01 9.9995339e-01 8.0748945e-02 1.8749846e-05
  9.9985093e-01 5.4458565e-07 1.2307088e-11 9.9828017e-01 8.4249621e-11]]
Element:
 [[0.1460396  0.77184466 0.22641509]] 
 ('Zenfone 3', 'Asus', 26500)
Answer:
 [[9.9924541e-01 1.0000000e+00 9.9238443e-01 9.9999905e-01 9.9999917e-01
  5.6570351e-02 2.7767760e-01 9.9995792e-01 1.1685094e-01 5.3167137e-06
  9.9986362e-01 8.7385553e-07 1.7094815e-11 9.9692094e-01 4.7653319e-11]]
Element:
 [[0.14585909 0.77184466 0.20689655]] 
 ('Zenfone 4', 'Asus', 29000)
Answer:
 [[9.9830574e-01 1.0000000e+00 9.9608874e-01 9.9999958e-01 9.9999958e-01
  2.8374851e-02 3.8278359e-01 9.9996066e-01 1.9720227e-01 8.9004953e-07
  9.9988425e-01 1.7291337e-06 2.6887612e-11 9.9311316e-01 2.1839220e-11]]
Element:
 [[0.14567901 0.77184466 0.18181818]] 
 ('Zenfone 5', 'Asus', 33000)
Answer:
 [[9.9519974e-01 1.0000000e+00 9.9837232e-01 1.0000000e+00 9.9999988e-01
  1.2223572e-02 5.1381469e-01 9.9995887e-01 3.6476615e-01 9.4063431e-08
  9.9991214e-01 4.1552457e-06 4.6178724e-11 9.8184550e-01 8.5882586e-12]]
Element:
 [[0.14549938 0.77184466 0.17518248]] 
 ('Zenfone 6', 'Asus', 34250)
Answer:
 [[9.9367714e-01 1.0000000e+00 9.9871302e-01 1.0000000e+00 1.0000000e+00
  9.8814964e-03 5.4332435e-01 9.9995756e-01 4.2228082e-01 5.2451735e-08
  9.9991959e-01 5.2163955e-06 5.2371680e-11 9.7697616e-01 6.7580976e-12]]
Element:
 [[0.12756757 0.51707317 0.6       ]] 
 ('MI Note Pro', 'Xiaomi', 10000)
Answer:
 [[9.9985123e-01 9.9971008e-01 4.8721296e-01 9.8365026e-06 8.0260342e-01
  9.9999857e-01 6.2166405e-09 7.4280302e-07 8.1731761e-01 1.0000000e+00
  9.9999964e-01 1.0757416e-06 6.8386598e-12 1.0000000e+00 4.8729330e-02]]
Element:
 [[0.1761194  0.51707317 0.42857143]] 
 ('MI Note 2', 'Xiaomi', 14000)
Answer:
 [[9.5972919e-01 9.9962342e-01 9.8877597e-01 9.8583703e-05 9.9671912e-01
  9.9998164e-01 2.3413302e-08 2.4888223e-08 9.9940443e-01 9.9926060e-01
  1.0000000e+00 8.5329862e-05 6.6711421e-11 1.0000000e+00 5.1127672e-03]]
Element:
 [[0.17717718 0.63855422 0.13043478]] 
 ('IPhone 7', 'Apple', 46000)
Answer:
 [[1.2573540e-02 9.9999952e-01 9.9999523e-01 9.9998510e-01 1.0000000e+00
  4.5919657e-02 1.3999879e-02 1.0006189e-02 9.9997914e-01 2.2673717e-10
  9.9999988e-01 1.9625604e-02 3.2522072e-09 9.9240434e-01 1.7062478e-10]]
Element:
 [[0.17744361 0.63855422 0.16666667]] 
 ('IPhone 6', 'Apple', 36000)
Answer:
 [[6.7881674e-02 9.9999952e-01 9.9997926e-01 9.9992722e-01 1.0000000e+00
  1.3901535e-01 5.6617856e-03 1.4588386e-02 9.9991167e-01 9.2612487e-09
  9.9999964e-01 4.3610632e-03 1.3280043e-09 9.9838567e-01 7.2489081e-10]]
Element:
 [[0.16881259 0.63855422 0.06      ]] 
 ('IPhone X', 'Apple', 100000)
Answer:
 [[5.8433414e-04 9.9999976e-01 9.9999976e-01 9.9999869e-01 1.0000000e+00
  6.9671273e-03 3.6487609e-02 2.9131472e-03 9.9999911e-01 3.5434456e-13
  1.0000000e+00 1.9479802e-01 8.4292786e-09 9.2745292e-01 1.2258335e-11]]
Element:
 [[0.22957198 0.52561983 0.6       ]] 
 ('Pixel', 'Google', 10000)
Answer:
 [[9.99876142e-01 9.64299083e-01 6.10788465e-01 7.77179139e-06
  8.85875225e-02 9.99999642e-01 2.17596394e-07 4.44176123e-07
  5.24190962e-02 1.00000000e+00 9.99996781e-01 1.10395085e-05
  8.54979310e-10 1.00000000e+00 7.72925854e-01]]
Element:
 [[0.19798658 0.52561983 0.6       ]] 
 ('Pixel 2', 'Google', 10000)
Answer:
 [[9.9989384e-01 9.9289364e-01 5.3446466e-01 8.7086019e-06 2.2825053e-01
  9.9999940e-01 7.4693695e-08 7.0854838e-07 1.5189564e-01 1.0000000e+00
  9.9999827e-01 4.4548851e-06 1.7213823e-10 1.0000000e+00 4.6631092e-01]]
Element:
 [[0.19765494 0.52561983 0.4       ]] 
 ('Pixel 3', 'Google', 15000)
Answer:
 [[9.1005629e-01 9.9914086e-01 9.9509788e-01 3.1188130e-04 9.9749613e-01
  9.9996650e-01 1.1390167e-07 2.9886156e-08 9.9932587e-01 9.9401605e-01
  1.0000000e+00 2.5829673e-04 2.8770933e-10 1.0000000e+00 5.0404668e-03]]
Element:
 [[0.19732441 0.52561983 0.24      ]] 
 ('Pixel 4', 'Google', 25000)
Answer:
 [[3.3707321e-03 9.9983752e-01 9.9999088e-01 2.2550964e-01 9.9999917e-01
  9.9039000e-01 2.4851274e-06 7.0302564e-09 9.9999976e-01 1.6453778e-05
  1.0000000e+00 9.1220140e-02 3.5942529e-09 9.9999785e-01 4.4782873e-06]]
Element:
 [[0.19699499 0.52561983 0.20689655]] 
 ('Pixel 5', 'Google', 29000)
Answer:
 [[5.9357285e-04 9.9987268e-01 9.9999774e-01 6.3177228e-01 9.9999988e-01
  9.6560252e-01 6.6854700e-06 6.2900525e-09 1.0000000e+00 4.0613492e-07
  1.0000000e+00 2.9014611e-01 7.8466478e-09 9.9998987e-01 8.9547638e-07]]
Element:
 [[0.66666667 0.70509978 0.375     ]] 
 ('P10', 'HUAWEI', 16000)
Answer:
 [[6.0529250e-01 3.7491215e-08 9.9997783e-01 9.9991226e-01 3.0692220e-03
  9.9984431e-01 9.9999988e-01 1.3947487e-04 1.9551496e-09 6.2558051e-05
  4.8897851e-01 9.9849343e-01 9.9982011e-01 3.8474798e-03 9.9964070e-01]]
Element:
 [[0.66292135 0.70509978 0.23076923]] 
 ('P20', 'HUAWEI', 26000)
Answer:
 [[1.8830574e-01 7.3988133e-08 9.9999845e-01 9.9999845e-01 6.8097442e-02
  9.9742055e-01 1.0000000e+00 7.1606040e-04 8.7232177e-09 1.9462394e-08
  3.9055198e-01 9.9990964e-01 9.9997950e-01 1.9915566e-05 9.9000460e-01]]
Element:
 [[0.65921788 0.70509978 0.16666667]] 
 ('P30', 'HUAWEI', 36000)
Answer:
 [[1.1527714e-01 1.8502496e-07 9.9999952e-01 9.9999964e-01 2.6035362e-01
  9.9237239e-01 1.0000000e+00 1.2496710e-03 2.9287316e-08 8.0377183e-10
  4.8470315e-01 9.9995542e-01 9.9997872e-01 4.4436065e-06 9.3446189e-01]]
Element:
 [[0.65555556 0.70509978 0.13043478]] 
 ('P40', 'HUAWEI', 46000)
Answer:
 [[8.5833371e-02 3.6041629e-07 9.9999976e-01 9.9999976e-01 4.8178068e-01
  9.8627955e-01 1.0000000e+00 1.5802085e-03 6.9960031e-08 1.4390207e-10
  5.7480490e-01 9.9996597e-01 9.9997246e-01 2.3750708e-06 8.1325316e-01]]
Element:
 [[0.21109123 0.51707317 1.        ]] 
 ('Poco M1', 'Xiaomi', 6000)
Answer:
 [[9.9999893e-01 8.3613586e-01 6.1212748e-02 1.3875152e-06 5.2121282e-04
  1.0000000e+00 2.3173622e-07 8.0107520e-06 2.3139504e-05 1.0000000e+00
  9.9995619e-01 1.7238353e-06 8.0245138e-10 1.0000000e+00 9.8169875e-01]]
Element:
 [[0.21071429 0.51707317 0.66666667]] 
 ('Poco M2', 'Xiaomi', 9000)
Answer:
 [[9.9996418e-01 9.7270215e-01 3.5101986e-01 3.9941442e-06 3.7983060e-02
  9.9999976e-01 1.0922730e-07 8.9804797e-07 1.5951067e-02 1.0000000e+00
  9.9999547e-01 4.3751570e-06 4.0919515e-10 1.0000000e+00 8.1903809e-01]]
Element:
 [[0.21033868 0.51707317 0.5       ]] 
 ('Poco M3', 'Xiaomi', 12000)
Answer:
 [[9.9683177e-01 9.9262798e-01 9.3291235e-01 2.0531319e-05 8.0315888e-01
  9.9999785e-01 9.1718114e-08 5.5734990e-08 9.1814810e-01 9.9999595e-01
  9.9999964e-01 4.8264137e-05 4.9652960e-10 1.0000000e+00 2.0582443e-01]]
Element:
 [[0.22648752 0.51707317 0.5       ]] 
 ('Poco X', 'Xiaomi', 12000)
Answer:
 [[9.9651229e-01 9.7976613e-01 9.4240594e-01 1.9693456e-05 6.7779517e-01
  9.9999833e-01 1.8524848e-07 4.2660041e-08 8.4893775e-01 9.9999607e-01
  9.9999940e-01 8.3254447e-05 1.3774284e-09 1.0000000e+00 3.7651572e-01]]
Element:
 [[0.20665499 0.51707317 0.33333333]] 
 ('Poco X2', 'Xiaomi', 18000)
Answer:
 [[1.9865412e-01 9.9894309e-01 9.9970436e-01 2.2124648e-03 9.9985754e-01
  9.9979663e-01 3.1959019e-07 4.3166839e-09 9.9998045e-01 2.3799327e-01
  1.0000000e+00 5.3378046e-03 1.5403121e-09 1.0000000e+00 7.9986453e-04]]
Element:
 [[0.20629371 0.51707317 0.23076923]] 
 ('Poco X3', 'Xiaomi', 26000)
Answer:
 [[1.1593103e-03 9.9957466e-01 9.9999571e-01 2.3661107e-01 9.9999928e-01
  9.9062037e-01 3.7217483e-06 2.0054849e-09 1.0000000e+00 5.2019591e-06
  1.0000000e+00 2.4996662e-01 1.1113583e-08 9.9999624e-01 6.8395157e-06]]
Element:
 [[0.23459245 0.51707317 0.23076923]] 
 ('Poco F', 'Xiaomi', 26000)
Answer:
 [[8.5902214e-04 9.9532259e-01 9.9999666e-01 3.0352741e-01 9.9999714e-01
  9.9389642e-01 2.5673306e-05 1.3640893e-09 9.9999940e-01 3.9914294e-06
  1.0000000e+00 5.3971493e-01 1.3939031e-07 9.9998462e-01 3.9951632e-05]]
Element:
 [[0.21338156 0.51707317 0.1875    ]] 
 ('Poco F2', 'Xiaomi', 32000)
Answer:
 [[1.1172531e-04 9.9939477e-01 9.9999940e-01 7.8444576e-01 1.0000000e+00
  9.5686364e-01 2.3779210e-05 1.5871410e-09 1.0000000e+00 3.7356379e-08
  1.0000000e+00 7.4251318e-01 6.0362943e-08 9.9995613e-01 1.3379345e-06]]
Element:
 [[0.21299639 0.51707317 0.15      ]] 
 ('Poco F3', 'Xiaomi', 40000)
Answer:
 [[1.7224691e-05 9.9949229e-01 1.0000000e+00 9.6622384e-01 1.0000000e+00
  8.4837276e-01 8.1174992e-05 1.4626560e-09 1.0000000e+00 6.0044347e-10
  1.0000000e+00 9.3098962e-01 1.4991295e-07 9.9972641e-01 2.3478582e-07]]
Element:
 [[0.92913386 0.43324251 0.5       ]] 
 ('J5', 'Samsung', 12000)
Answer:
 [[2.4372339e-03 2.5738656e-13 9.9999774e-01 8.1459880e-03 3.4331765e-06
  1.0000000e+00 9.9991202e-01 1.9102261e-13 1.5268426e-05 1.0644606e-01
  9.9422431e-01 9.9999887e-01 9.9999988e-01 5.2242589e-01 1.0000000e+00]]
Element:
 [[0.921875   0.43324251 0.4       ]] 
 ('J6', 'Samsung', 15000)
Answer:
 [[6.9224834e-04 2.4384677e-13 9.9999881e-01 2.3897800e-01 8.7501685e-06
  9.9999952e-01 9.9999619e-01 4.0472842e-12 3.1885575e-06 2.2587478e-03
  9.5640278e-01 9.9999988e-01 1.0000000e+00 3.5038382e-02 1.0000000e+00]]
Element:
 [[0.91472868 0.43324251 0.3       ]] 
 ('J7', 'Samsung', 20000)
Answer:
 [[2.7871132e-04 5.3637720e-13 9.9999952e-01 8.7264085e-01 4.3491342e-05
  9.9999547e-01 9.9999958e-01 5.5754575e-11 1.6127832e-06 5.0305072e-05
  8.6386502e-01 1.0000000e+00 1.0000000e+00 2.2203326e-03 1.0000000e+00]]
Element:
 [[0.99159664 0.43324251 0.27272727]] 
 ('A6', 'Samsung', 22000)
Answer:
 [[3.0747056e-04 5.0548731e-13 9.9999952e-01 9.6399248e-01 4.3437332e-05
  9.9998963e-01 1.0000000e+00 2.9163927e-10 4.1233946e-07 1.4264839e-05
  6.6384059e-01 1.0000000e+00 1.0000000e+00 4.4426322e-04 1.0000000e+00]]
Element:
 [[1.         0.43324251 0.33333333]] 
 ('A5', 'Samsung', 18000)
Answer:
 [[4.4029951e-04 2.5481963e-13 9.9999934e-01 8.6640000e-01 1.4998103e-05
  9.9999636e-01 9.9999976e-01 8.6882723e-11 4.2963867e-07 1.0003948e-04
  7.4075598e-01 1.0000000e+00 1.0000000e+00 1.6224384e-03 1.0000000e+00]]
Element:
 [[0.67816092 0.43324251 0.1875    ]] 
 ('M10', 'Samsung', 32000)
Answer:
 [[1.2557740e-05 7.9211047e-11 1.0000000e+00 9.4014698e-01 3.4680754e-02
  9.9996525e-01 9.9998069e-01 4.2223551e-12 5.7210028e-03 1.6833367e-07
  9.9867070e-01 1.0000000e+00 9.9999970e-01 9.2900395e-03 9.9997926e-01]]
Element:
 [[0.29207921 1.         0.54545455]] 
 ('Reno', 'OPPO', 11000)
Answer:
 [[1.0000000e+00 9.9999642e-01 7.7762097e-02 9.9996865e-01 7.5513446e-01
  9.8488939e-01 9.0004158e-01 1.0000000e+00 1.2957840e-10 9.9805433e-01
  8.3507848e-01 3.0320726e-09 5.5454433e-11 9.9992728e-01 1.4866910e-06]]
Element:
 [[0.24279835 1.         0.375     ]] 
 ('Reno 2', 'OPPO', 16000)
Answer:
 [[1.0000000e+00 9.9999976e-01 4.2742202e-01 1.0000000e+00 9.9728799e-01
  1.9100904e-01 9.9910402e-01 1.0000000e+00 1.0873830e-09 1.6400307e-02
  5.0493538e-01 2.8856807e-08 5.0344251e-10 9.5309532e-01 2.1496431e-09]]
Element:
 [[0.24229979 1.         0.31578947]] 
 ('Reno 3', 'OPPO', 19000)
Answer:
 [[1.0000000e+00 1.0000000e+00 6.9322968e-01 1.0000000e+00 9.9935341e-01
  4.6263099e-02 9.9979877e-01 1.0000000e+00 2.6112836e-09 4.8509240e-04
  4.3386948e-01 9.1596966e-08 1.4867866e-09 6.9340956e-01 4.4621593e-10]]
Element:
 [[0.24180328 1.         0.28571429]] 
 ('Reno 4', 'OPPO', 21000)
Answer:
 [[9.9999988e-01 1.0000000e+00 8.0109298e-01 1.0000000e+00 9.9968839e-01
  2.3737013e-02 9.9988657e-01 1.0000000e+00 4.8349635e-09 9.0026821e-05
  4.3284115e-01 1.5822009e-07 2.2931943e-09 4.6235597e-01 2.2435905e-10]]
Element:
 [[0.24130879 1.         0.25      ]] 
 ('Reno 5', 'OPPO', 24000)
Answer:
 [[9.99999642e-01 1.00000000e+00 8.90669882e-01 1.00000000e+00
  9.99868512e-01 1.15942657e-02 9.99933958e-01 1.00000000e+00
  1.14351550e-08 1.32278674e-05 4.59091604e-01 2.97208913e-07
  3.55992102e-09 2.34084755e-01 1.10056735e-10]]
Element:
 [[0.40689655 0.81538462 0.25      ]] 
 ('One', 'HONOR', 24000)
Answer:
 [[9.9955440e-01 9.4818211e-01 9.9905276e-01 1.0000000e+00 9.8369026e-01
  5.1400280e-01 9.9999756e-01 9.9991143e-01 2.2022551e-08 1.3958846e-06
  5.7303119e-01 5.6351125e-03 5.8001280e-04 1.4093220e-02 1.2573797e-05]]
Element:
 [[0.3025641  0.81538462 0.25      ]] 
 ('HONOR', 'HONOR', 24000)
Answer:
 [[9.9990320e-01 9.9996412e-01 9.9152154e-01 1.0000000e+00 9.9934328e-01
  1.5434092e-01 9.9968421e-01 9.9999666e-01 1.6124095e-06 1.0209244e-05
  9.0544724e-01 4.3905915e-05 4.1928647e-07 4.0634793e-01 4.9560096e-08]]
Element:
 [[0.25       0.81538462 0.21428571]] 
 ('HONOR 2', 'HONOR', 28000)
Answer:
 [[9.9977267e-01 9.9999893e-01 9.9411559e-01 1.0000000e+00 9.9996555e-01
  3.6573410e-02 9.9837947e-01 9.9999845e-01 5.9829406e-05 1.0410290e-06
  9.7965819e-01 1.5731404e-05 2.5482951e-08 5.1975429e-01 1.4146377e-09]]
Element:
 [[0.24947146 0.81538462 0.1875    ]] 
 ('HONOR 3', 'HONOR', 32000)
Answer:
 [[9.9940389e-01 9.9999905e-01 9.9748659e-01 1.0000000e+00 9.9998653e-01
  1.8972844e-02 9.9900723e-01 9.9999803e-01 1.5705824e-04 1.2401237e-07
  9.8485553e-01 3.5157540e-05 4.0742229e-08 2.8460258e-01 6.9065681e-10]]
Element:
 [[0.24894515 0.81538462 0.17142857]] 
 ('HONOR 4', 'HONOR', 35000)
Answer:
 [[9.9892163e-01 9.9999917e-01 9.9850994e-01 1.0000000e+00 9.9999249e-01
  1.3132364e-02 9.9921697e-01 9.9999762e-01 2.9474497e-04 3.5251862e-08
  9.8792195e-01 5.6526889e-05 5.1833929e-08 1.8527755e-01 4.5876922e-10]]
Element:
 [[0.24842105 0.81538462 0.15      ]] 
 ('HONOR 5', 'HONOR', 40000)
Answer:
 [[9.9757856e-01 9.9999928e-01 9.9927104e-01 1.0000000e+00 9.9999654e-01
  8.3374977e-03 9.9940485e-01 9.9999660e-01 7.0682168e-04 6.7052217e-09
  9.9144393e-01 1.0735802e-04 7.0341365e-08 1.0007939e-01 2.7801675e-10]]
Element:
 [[0.24789916 0.81538462 0.13953488]] 
 ('HONOR 6', 'HONOR', 43000)
Answer:
 [[9.9638236e-01 9.9999928e-01 9.9948746e-01 1.0000000e+00 9.9999774e-01
  6.7429841e-03 9.9946213e-01 9.9999583e-01 1.1153221e-03 3.0087752e-09
  9.9295771e-01 1.4546514e-04 7.9351949e-08 7.4422538e-02 2.1759275e-10]]
Element:
 [[0.24737945 0.81538462 0.12244898]] 
 ('HONOR 7', 'HONOR', 49000)
Answer:
 [[9.9296033e-01 9.9999934e-01 9.9971497e-01 1.0000000e+00 9.9999881e-01
  4.8836172e-03 9.9953961e-01 9.9999392e-01 2.3623407e-03 8.1998597e-10
  9.9495637e-01 2.4247169e-04 9.7490883e-08 4.5536906e-02 1.5126785e-10]]
Element:
 [[0.24686192 0.81538462 0.11538462]] 
 ('HONOR 8', 'HONOR', 52000)
Answer:
 [[9.9071187e-01 9.9999952e-01 9.9977624e-01 1.0000000e+00 9.9999917e-01
  4.2796433e-03 9.9955785e-01 9.9999273e-01 3.2884479e-03 4.8171223e-10
  9.9568063e-01 2.9620528e-04 1.0352110e-07 3.7707686e-02 1.2880023e-10]]
Element:
 [[0.29280397 0.44788732 0.27272727]] 
 ('Nord', 'OnePlus', 22000)
Answer:
 [[9.3315546e-05 7.5052351e-02 9.9999917e-01 1.6883910e-03 9.9981833e-01
  9.9994767e-01 1.3299297e-05 8.5620963e-14 9.9999946e-01 1.4987588e-04
  1.0000000e+00 9.8741496e-01 2.5689813e-05 9.9999601e-01 1.2279871e-01]]
Element:
 [[0.24329897 0.44788732 0.27272727]] 
 ('Nord 2', 'OnePlus', 22000)
Answer:
 [[1.5684962e-04 8.6773336e-01 9.9999839e-01 1.0359287e-03 9.9998188e-01
  9.9985754e-01 5.0536744e-07 2.4696364e-13 1.0000000e+00 2.1630526e-04
  1.0000000e+00 8.9524138e-01 3.6207061e-07 9.9999964e-01 5.6619942e-03]]
Element:
 [[0.24279835 0.44788732 0.27272727]] 
 ('Nord 3', 'OnePlus', 22000)
Answer:
 [[1.5771389e-04 8.7266052e-01 9.9999833e-01 1.0318458e-03 9.9998230e-01
  9.9985605e-01 4.8944349e-07 2.4980709e-13 1.0000000e+00 2.1696091e-04
  1.0000000e+00 8.9314693e-01 3.4700651e-07 9.9999964e-01 5.4834783e-03]]
Element:
 [[0.24229979 0.44788732 0.21428571]] 
 ('Nord 4', 'OnePlus', 28000)
Answer:
 [[7.7071863e-06 9.1104102e-01 1.0000000e+00 2.0757884e-02 9.9999917e-01
  9.9887443e-01 2.2084387e-06 1.6801735e-13 1.0000000e+00 4.1324293e-07
  1.0000000e+00 9.8744887e-01 9.5695771e-07 9.9999499e-01 3.8382411e-04]]
Element:
 [[0.24180328 0.44788732 0.2       ]] 
 ('Nord 5', 'OnePlus', 30000)
Answer:
 [[3.7856316e-06 9.2072666e-01 1.0000000e+00 4.4476271e-02 9.9999964e-01
  9.9810106e-01 3.2969813e-06 1.6535413e-13 1.0000000e+00 8.8354980e-08
  1.0000000e+00 9.9253273e-01 1.2123296e-06 9.9999005e-01 1.9153953e-04]]
Element:
 [[0.24130879 0.44788732 0.18181818]] 
 ('Nord 6', 'OnePlus', 33000)
Answer:
 [[1.5612591e-06 9.3069798e-01 1.0000000e+00 1.1434081e-01 9.9999988e-01
  9.9631310e-01 5.6802028e-06 1.6787353e-13 1.0000000e+00 1.2493454e-08
  1.0000000e+00 9.9613988e-01 1.6701979e-06 9.9997640e-01 7.9516984e-05]]
Element:
 [[0.14842767 0.44788732 0.18181818]] 
 ('OnePlus 5', 'OnePlus', 33000)
Answer:
 [[6.0485227e-06 9.9995911e-01 1.0000000e+00 4.7795475e-02 1.0000000e+00
  9.8350292e-01 2.0292072e-08 1.3597957e-12 1.0000000e+00 3.9262289e-08
  1.0000000e+00 8.1574965e-01 8.6614721e-10 9.9999964e-01 3.8997914e-07]]
Element:
 [[0.14824121 0.44788732 0.15789474]] 
 ('OnePlus 6', 'OnePlus', 38000)
Answer:
 [[2.0805564e-06 9.9996138e-01 1.0000000e+00 1.4637247e-01 1.0000000e+00
  9.6405697e-01 4.4751534e-08 1.3974241e-12 1.0000000e+00 3.7068688e-09
  1.0000000e+00 9.1365045e-01 1.4979303e-09 9.9999881e-01 1.4930956e-07]]
Element:
 [[0.14805521 0.44788732 0.13636364]] 
 ('OnePlus 7', 'OnePlus', 44000)
Answer:
 [[8.2542130e-07 9.9996185e-01 1.0000000e+00 3.4549874e-01 1.0000000e+00
  9.2982978e-01 9.6274611e-08 1.4994603e-12 1.0000000e+00 4.5900203e-10
  1.0000000e+00 9.5838618e-01 2.5593021e-09 9.9999654e-01 6.4827830e-08]]
Element:
 [[0.14786967 0.44788732 0.12244898]] 
 ('OnePlus 8', 'OnePlus', 49000)
Answer:
 [[4.6419589e-07 9.9996156e-01 1.0000000e+00 5.2274656e-01 1.0000000e+00
  8.9450169e-01 1.6105137e-07 1.6035915e-12 1.0000000e+00 1.2209898e-10
  1.0000000e+00 9.7420013e-01 3.6699139e-09 9.9999321e-01 3.8413834e-08]]
Element:
 [[0.14786967 0.44788732 0.12244898]] 
 ('OnePlus 8', 'OnePlus', 49000)
Answer:
 [[4.6419589e-07 9.9996156e-01 1.0000000e+00 5.2274656e-01 1.0000000e+00
  8.9450169e-01 1.6105137e-07 1.6035915e-12 1.0000000e+00 1.2209898e-10
  1.0000000e+00 9.7420013e-01 3.6699139e-09 9.9999321e-01 3.8413834e-08]]
Element:
 [[0.18466354 0.44788732 0.10169492]] 
 ('ONEPLUS 9', 'OnePlus', 59000)
Answer:
 [[1.0346583e-07 9.9938607e-01 1.0000000e+00 8.4363735e-01 1.0000000e+00
  8.7825078e-01 2.8841814e-06 7.8000312e-13 1.0000000e+00 8.3285349e-12
  1.0000000e+00 9.9735957e-01 1.0285331e-07 9.9990535e-01 1.1115200e-07]]



------    Menu    ------
1) View all products
2) Add new product
3) Update product
4) Delete product
5) Conduct training for the Kohonen network
6) Conduct deep learning
7) Check the data for validity
8) Exit
------------------------



You'r choice?: 